#
# There is insufficient memory for the Java Runtime Environment to continue.
# Native memory allocation (mmap) failed to map 4161536 bytes for G1 virtual space
# Possible reasons:
#   The system is out of physical RAM or swap space
#   The process is running with CompressedOops enabled, and the Java Heap may be blocking the growth of the native heap
# Possible solutions:
#   Reduce memory load on the system
#   Increase physical memory or swap space
#   Check if swap backing store is full
#   Decrease Java heap size (-Xmx/-Xms)
#   Decrease number of Java threads
#   Decrease Java thread stack sizes (-Xss)
#   Set larger code cache with -XX:ReservedCodeCacheSize=
#   JVM is running with Zero Based Compressed Oops mode in which the Java heap is
#     placed in the first 32GB address space. The Java Heap base address is the
#     maximum limit for the native heap growth. Please use -XX:HeapBaseMinAddress
#     to set the Java Heap base and to place the Java Heap above 32GB virtual address.
# This output file may be truncated or incomplete.
#
#  Out of Memory Error (os_windows.cpp:3466), pid=38972, tid=60472
#
# JRE version:  (16.0.1+9) (build )
# Java VM: Java HotSpot(TM) 64-Bit Server VM (16.0.1+9-24, mixed mode, sharing, tiered, compressed oops, compressed class ptrs, g1 gc, windows-amd64)
# No core dump will be written. Minidumps are not enabled by default on client versions of Windows
#

---------------  S U M M A R Y ------------

Command Line: -javaagent:D:\Program Files\JetBrains\IntelliJ IDEA 2021.1\lib\idea_rt.jar=51409:D:\Program Files\JetBrains\IntelliJ IDEA 2021.1\bin -Dfile.encoding=UTF-8 rankArithmetic.RandToRand

Host: Intel(R) Core(TM) i5-9400 CPU @ 2.90GHz, 6 cores, 15G,  Windows 10 , 64 bit Build 19041 (10.0.19041.1889)
Time: Sat Oct 15 16:12:58 2022  Windows 10 , 64 bit Build 19041 (10.0.19041.1889) elapsed time: 0.016247 seconds (0d 0h 0m 0s)

---------------  T H R E A D  ---------------

Current thread (0x0000021552b0f770):  JavaThread "Unknown thread" [_thread_in_vm, id=60472, stack(0x0000001966900000,0x0000001966a00000)]

Stack: [0x0000001966900000,0x0000001966a00000]
Native frames: (J=compiled Java code, j=interpreted, Vv=VM code, C=native code)
V  [jvm.dll+0x6687ca]
V  [jvm.dll+0x7ca3c9]
V  [jvm.dll+0x7cbb53]
V  [jvm.dll+0x7cc1b3]
V  [jvm.dll+0x242ea5]
V  [jvm.dll+0x665589]
V  [jvm.dll+0x65a175]
V  [jvm.dll+0x2fc5ab]
V  [jvm.dll+0x3037a6]
V  [jvm.dll+0x353018]
V  [jvm.dll+0x35321f]
V  [jvm.dll+0x2d3618]
V  [jvm.dll+0x2d4854]
V  [jvm.dll+0x79ccb1]
V  [jvm.dll+0x360de1]
V  [jvm.dll+0x77a990]
V  [jvm.dll+0x3e55af]
V  [jvm.dll+0x3e7081]
C  [jli.dll+0x52fb]
C  [ucrtbase.dll+0x21bb2]
C  [KERNEL32.DLL+0x17034]
C  [ntdll.dll+0x526a1]


---------------  P R O C E S S  ---------------

Threads class SMR info:
_java_thread_list=0x00007ffd6929cbb8, length=0, elements={
}

Java Threads: ( => current thread )

Other Threads:
  0x0000021552b603b0 GCTaskThread "GC Thread#0" [stack: 0x0000001966a00000,0x0000001966b00000] [id=29792]
  0x0000021552b730a0 ConcurrentGCThread "G1 Main Marker" [stack: 0x0000001966b00000,0x0000001966c00000] [id=12592]
  0x0000021552b741c0 ConcurrentGCThread "G1 Conc#0" [stack: 0x0000001966c00000,0x0000001966d00000] [id=61916]

[error occurred during error reporting (printing all threads), id 0xc0000005, EXCEPTION_ACCESS_VIOLATION (0xc0000005) at pc=0x00007ffd68a744d7]

VM state: not at safepoint (not fully initialized)

VM Mutex/Monitor currently owned by a thread:  ([mutex/lock_event])
[0x0000021552b0cb20] Heap_lock - owner thread: 0x0000021552b0f770

Heap address: 0x0000000702800000, size: 4056 MB, Compressed Oops mode: Zero based, Oop shift amount: 3

CDS archive(s) mapped at: [0x0000000000000000-0x0000000000000000-0x0000000000000000), size 0, SharedBaseAddress: 0x0000000800000000, ArchiveRelocationMode: 0.
Narrow klass base: 0x0000000000000000, Narrow klass shift: 0, Narrow klass range: 0x0

GC Precious Log:
<Empty>

Heap:
 garbage-first heap   total 0K, used 0K [0x0000000702800000, 0x0000000800000000)
  region size 2048K, 0 young (0K), 0 survivors (0K)

[error occurred during error reporting (printing heap information), id 0xc0000005, EXCEPTION_ACCESS_VIOLATION (0xc0000005) at pc=0x00007ffd68e524ed]

GC Heap History (0 events):
No events

Deoptimization events (0 events):
No events

Classes unloaded (0 events):
No events

Classes redefined (0 events):
No events

Internal exceptions (0 events):
No events

Events (1 events):
Event: 0.007 Loaded shared library C:\Program Files\Java\jdk-16.0.1\bin\java.dll


Dynamic libraries:
0x00007ff682be0000 - 0x00007ff682bf0000 	C:\Program Files\Java\jdk-16.0.1\bin\java.exe
0x00007ffdc5d50000 - 0x00007ffdc5f48000 	C:\Windows\SYSTEM32\ntdll.dll
0x00007ffdc5b00000 - 0x00007ffdc5bbd000 	C:\Windows\System32\KERNEL32.DLL
0x00007ffdc3910000 - 0x00007ffdc3bde000 	C:\Windows\System32\KERNELBASE.dll
0x00007ffdc3c10000 - 0x00007ffdc3d10000 	C:\Windows\System32\ucrtbase.dll
0x00007ffdbf150000 - 0x00007ffdbf169000 	C:\Program Files\Java\jdk-16.0.1\bin\VCRUNTIME140.dll
0x00007ffdbefc0000 - 0x00007ffdbefd8000 	C:\Program Files\Java\jdk-16.0.1\bin\jli.dll
0x00007ffdc45b0000 - 0x00007ffdc465e000 	C:\Windows\System32\ADVAPI32.dll
0x00007ffdc4b60000 - 0x00007ffdc4bfe000 	C:\Windows\System32\msvcrt.dll
0x00007ffdc5360000 - 0x00007ffdc53fc000 	C:\Windows\System32\sechost.dll
0x00007ffdc59d0000 - 0x00007ffdc5af5000 	C:\Windows\System32\RPCRT4.dll
0x00007ffdc4660000 - 0x00007ffdc4800000 	C:\Windows\System32\USER32.dll
0x00007ffdc3be0000 - 0x00007ffdc3c02000 	C:\Windows\System32\win32u.dll
0x00007ffdb1940000 - 0x00007ffdb1bda000 	C:\Windows\WinSxS\amd64_microsoft.windows.common-controls_6595b64144ccf1df_6.0.19041.1110_none_60b5254171f9507e\COMCTL32.dll
0x00007ffdc4500000 - 0x00007ffdc452a000 	C:\Windows\System32\GDI32.dll
0x00007ffdc36c0000 - 0x00007ffdc37cb000 	C:\Windows\System32\gdi32full.dll
0x00007ffdc3d10000 - 0x00007ffdc3dad000 	C:\Windows\System32\msvcp_win.dll
0x00007ffdba100000 - 0x00007ffdba10a000 	C:\Windows\SYSTEM32\VERSION.dll
0x00007ffdc59a0000 - 0x00007ffdc59d0000 	C:\Windows\System32\IMM32.DLL
0x00007ffdc0cc0000 - 0x00007ffdc0ccc000 	C:\Program Files\Java\jdk-16.0.1\bin\vcruntime140_1.dll
0x00007ffdbd800000 - 0x00007ffdbd891000 	C:\Program Files\Java\jdk-16.0.1\bin\msvcp140.dll
0x00007ffd68790000 - 0x00007ffd6933b000 	C:\Program Files\Java\jdk-16.0.1\bin\server\jvm.dll
0x00007ffdc5d00000 - 0x00007ffdc5d08000 	C:\Windows\System32\PSAPI.DLL
0x00007ffda4a30000 - 0x00007ffda4a39000 	C:\Windows\SYSTEM32\WSOCK32.dll
0x00007ffdb2040000 - 0x00007ffdb2067000 	C:\Windows\SYSTEM32\WINMM.dll
0x00007ffdc5020000 - 0x00007ffdc508b000 	C:\Windows\System32\WS2_32.dll
0x00007ffdc1360000 - 0x00007ffdc1372000 	C:\Windows\SYSTEM32\kernel.appcore.dll
0x00007ffdbef00000 - 0x00007ffdbef0a000 	C:\Program Files\Java\jdk-16.0.1\bin\jimage.dll
0x00007ffdb06a0000 - 0x00007ffdb0884000 	C:\Windows\SYSTEM32\DBGHELP.DLL
0x00007ffdae590000 - 0x00007ffdae5bc000 	C:\Windows\SYSTEM32\dbgcore.DLL
0x00007ffdc3880000 - 0x00007ffdc3902000 	C:\Windows\System32\bcryptPrimitives.dll
0x00007ffdbeef0000 - 0x00007ffdbeefe000 	C:\Program Files\Java\jdk-16.0.1\bin\instrument.dll
0x00007ffdbdf90000 - 0x00007ffdbdfb5000 	C:\Program Files\Java\jdk-16.0.1\bin\java.dll

dbghelp: loaded successfully - version: 4.0.5 - missing functions: none
symbol engine: initialized successfully - sym options: 0x614 - pdb path: .;C:\Program Files\Java\jdk-16.0.1\bin;C:\Windows\SYSTEM32;C:\Windows\WinSxS\amd64_microsoft.windows.common-controls_6595b64144ccf1df_6.0.19041.1110_none_60b5254171f9507e;C:\Program Files\Java\jdk-16.0.1\bin\server

VM Arguments:
jvm_args: -javaagent:D:\Program Files\JetBrains\IntelliJ IDEA 2021.1\lib\idea_rt.jar=51409:D:\Program Files\JetBrains\IntelliJ IDEA 2021.1\bin -Dfile.encoding=UTF-8 
java_command: rankArithmetic.RandToRand
java_class_path (initial): E:\javaPrise\LeetCode\out\production\LeetCode;C:\Users\84478\.m2\repository\junit\junit\4.13.1\junit-4.13.1.jar;C:\Users\84478\.m2\repository\org\hamcrest\hamcrest-core\1.3\hamcrest-core-1.3.jar
Launcher Type: SUN_STANDARD

[Global flags]
     intx CICompilerCount                          = 3                                         {product} {ergonomic}
     uint ConcGCThreads                            = 2                                         {product} {ergonomic}
     uint G1ConcRefinementThreads                  = 6                                         {product} {ergonomic}
   size_t G1HeapRegionSize                         = 2097152                                   {product} {ergonomic}
    uintx GCDrainStackTargetSize                   = 64                                        {product} {ergonomic}
   size_t InitialHeapSize                          = 266338304                                 {product} {ergonomic}
   size_t MarkStackSize                            = 4194304                                   {product} {ergonomic}
   size_t MaxHeapSize                              = 4253024256                                {product} {ergonomic}
   size_t MinHeapDeltaBytes                        = 2097152                                   {product} {ergonomic}
   size_t MinHeapSize                              = 8388608                                   {product} {ergonomic}
    uintx NonNMethodCodeHeapSize                   = 5832780                                {pd product} {ergonomic}
    uintx NonProfiledCodeHeapSize                  = 122912730                              {pd product} {ergonomic}
    uintx ProfiledCodeHeapSize                     = 122912730                              {pd product} {ergonomic}
    uintx ReservedCodeCacheSize                    = 251658240                              {pd product} {ergonomic}
     bool SegmentedCodeCache                       = true                                      {product} {ergonomic}
   size_t SoftMaxHeapSize                          = 4253024256                             {manageable} {ergonomic}
     bool UseCompressedClassPointers               = true                           {product lp64_product} {ergonomic}
     bool UseCompressedOops                        = true                           {product lp64_product} {ergonomic}
     bool UseG1GC                                  = true                                      {product} {ergonomic}
     bool UseLargePagesIndividualAllocation        = false                                  {pd product} {ergonomic}

Logging:
Log output configuration:
 #0: stdout all=warning uptime,level,tags
 #1: stderr all=off uptime,level,tags

Environment Variables:
JAVA_HOME=C:\Program Files\Java\jdk1.8.0_202
CLASSPATH=?E:\sqljdbc91\sqljdbc_9.4?chs\mssql-jdbc-9.4.0.jre16.jar
PATH=D:\Program Files (x86)\VMware\VMware Workstation\bin\;C:\Program Files (x86)\Common Files\Oracle\Java\javapath;C:\Program Files\Common Files\Oracle\Java\javapath;C:\Windows\system32;C:\Windows;C:\Windows\System32\Wbem;C:\Windows\System32\WindowsPowerShell\v1.0\;C:\Windows\System32\OpenSSH\;C:\Program Files\nodejs\;C:\Program Files\Git\cmd;D:\downLoads\mysql-5.7.35-winx64\bin;;C:\Program Files (x86)\NVIDIA Corporation\PhysX\Common;C:\Program Files\Microsoft SQL Server\Client SDK\ODBC\170\Tools\Binn\;C:\Program Files (x86)\Microsoft SQL Server\150\Tools\Binn\;C:\Program Files\Microsoft SQL Server\150\Tools\Binn\;C:\Program Files\Microsoft SQL Server\150\DTS\Binn\;C:\Program Files (x86)\Microsoft SQL Server\150\DTS\Binn\;C:\Program Files\Azure Data Studio\bin;D:\Program Files (x86)\NetSarang\Xshell 7\;D:\Program Files (x86)\NetSarang\Xftp 7\;D:\anaconda3;D:\anaconda3\Library\mingw-w64\bin;D:\anaconda3\Library\usr\bin;D:\anaconda3\Library\bin;D:\anaconda3\Scripts;C:\Users\84478\AppData\Local\Programs\Python\Python310\Scripts\;C:\Users\84478\AppData\Local\Programs\Python\Python310\;C:\Users\84478\AppData\Local\Microsoft\WindowsApps;D:\data\Microsoft VS Code\bin;C:\Users\84478\AppData\Roaming\npm;C:\Program Files\Azure Data Studio\bin;C:\Program Files\Java\jdk1.8.0_202\bin;D:\Program Files\JetBrains\PyCharm 2022.1.2\bin;
USERNAME=84478
OS=Windows_NT
PROCESSOR_IDENTIFIER=Intel64 Family 6 Model 158 Stepping 10, GenuineIntel



---------------  S Y S T E M  ---------------

OS:
 Windows 10 , 64 bit Build 19041 (10.0.19041.1889)
OS uptime: 7 days 22:44 hours

CPU: total 6 (initial active 6) (6 cores per cpu, 1 threads per core) family 6 model 158 stepping 10 microcode 0xb4, cx8, cmov, fxsr, mmx, 3dnowpref, sse, sse2, sse3, ssse3, sse4.1, sse4.2, popcnt, lzcnt, tsc, tscinvbit, avx, avx2, aes, erms, clmul, bmi1, bmi2, adx, fma, vzeroupper, clflush, clflushopt

Memory: 4k page, system-wide physical 16221M (8206M free)
TotalPageFile size 26886M (AvailPageFile size 8M)
current process WorkingSet (physical memory assigned to process): 10M, peak: 10M
current process commit charge ("private bytes"): 314M, peak: 318M

vm_info: Java HotSpot(TM) 64-Bit Server VM (16.0.1+9-24) for windows-amd64 JRE (16.0.1+9-24), built on Mar 26 2021 19:31:42 by "mach5one" with MS VC++ 16.7 (VS2019)

END.
