#
# There is insufficient memory for the Java Runtime Environment to continue.
# Native memory allocation (malloc) failed to allocate 32744 bytes for ChunkPool::allocate
# Possible reasons:
#   The system is out of physical RAM or swap space
#   The process is running with CompressedOops enabled, and the Java Heap may be blocking the growth of the native heap
# Possible solutions:
#   Reduce memory load on the system
#   Increase physical memory or swap space
#   Check if swap backing store is full
#   Decrease Java heap size (-Xmx/-Xms)
#   Decrease number of Java threads
#   Decrease Java thread stack sizes (-Xss)
#   Set larger code cache with -XX:ReservedCodeCacheSize=
#   JVM is running with Zero Based Compressed Oops mode in which the Java heap is
#     placed in the first 32GB address space. The Java Heap base address is the
#     maximum limit for the native heap growth. Please use -XX:HeapBaseMinAddress
#     to set the Java Heap base and to place the Java Heap above 32GB virtual address.
# This output file may be truncated or incomplete.
#
#  Out of Memory Error (arena.cpp:79), pid=5372, tid=14104
#
# JRE version: Java(TM) SE Runtime Environment (16.0.1+9) (build 16.0.1+9-24)
# Java VM: Java HotSpot(TM) 64-Bit Server VM (16.0.1+9-24, mixed mode, sharing, tiered, compressed oops, compressed class ptrs, g1 gc, windows-amd64)
# No core dump will be written. Minidumps are not enabled by default on client versions of Windows
#

---------------  S U M M A R Y ------------

Command Line: -javaagent:D:\Program Files\JetBrains\IntelliJ IDEA 2021.1\lib\idea_rt.jar=51428:D:\Program Files\JetBrains\IntelliJ IDEA 2021.1\bin -Dfile.encoding=UTF-8 rankArithmetic.RandToRand

Host: Intel(R) Core(TM) i5-9400 CPU @ 2.90GHz, 6 cores, 15G,  Windows 10 , 64 bit Build 19041 (10.0.19041.1889)
Time: Sat Oct 15 16:13:18 2022  Windows 10 , 64 bit Build 19041 (10.0.19041.1889) elapsed time: 0.046154 seconds (0d 0h 0m 0s)

---------------  T H R E A D  ---------------

Current thread (0x000001cfd0d54fd0):  JavaThread "C1 CompilerThread0" daemon [_thread_in_native, id=14104, stack(0x0000005706b00000,0x0000005706c00000)]


Current CompileTask:
C1:     46   38   !   3       java.util.concurrent.ConcurrentHashMap::putVal (432 bytes)

Stack: [0x0000005706b00000,0x0000005706c00000]
Native frames: (J=compiled Java code, j=interpreted, Vv=VM code, C=native code)
V  [jvm.dll+0x6687ca]
V  [jvm.dll+0x7ca3c9]
V  [jvm.dll+0x7cbb53]
V  [jvm.dll+0x7cc1b3]
V  [jvm.dll+0x242ea5]
V  [jvm.dll+0xae25f]
V  [jvm.dll+0xae5ac]
V  [jvm.dll+0xb9e81]
V  [jvm.dll+0x175a7b]
V  [jvm.dll+0x17da8f]
V  [jvm.dll+0x17d910]
V  [jvm.dll+0x17572f]
V  [jvm.dll+0x1747d6]
V  [jvm.dll+0x17e53b]
V  [jvm.dll+0x1758e5]
V  [jvm.dll+0x1797bf]
V  [jvm.dll+0x133373]
V  [jvm.dll+0x132c0f]
V  [jvm.dll+0x132e49]
V  [jvm.dll+0x1322af]
V  [jvm.dll+0x134071]
V  [jvm.dll+0x2253a8]
V  [jvm.dll+0x2233ec]
V  [jvm.dll+0x780002]
V  [jvm.dll+0x779b4a]
V  [jvm.dll+0x667666]
C  [ucrtbase.dll+0x21bb2]
C  [KERNEL32.DLL+0x17034]
C  [ntdll.dll+0x526a1]


---------------  P R O C E S S  ---------------

Threads class SMR info:
_java_thread_list=0x000001cfd18ad810, length=11, elements={
0x000001cfac620410, 0x000001cfd0d27fb0, 0x000001cfd0d28ac0, 0x000001cfd0d37ed0,
0x000001cfd0d3a7f0, 0x000001cfd0d3b100, 0x000001cfd0d3fa30, 0x000001cfd0d43b70,
0x000001cfd0d54fd0, 0x000001cfd0d7e110, 0x000001cfd18e0b00
}

Java Threads: ( => current thread )
  0x000001cfac620410 JavaThread "main" [_thread_in_Java, id=24652, stack(0x0000005705d00000,0x0000005705e00000)]
  0x000001cfd0d27fb0 JavaThread "Reference Handler" daemon [_thread_blocked, id=15220, stack(0x0000005706400000,0x0000005706500000)]
  0x000001cfd0d28ac0 JavaThread "Finalizer" daemon [_thread_blocked, id=47020, stack(0x0000005706500000,0x0000005706600000)]
  0x000001cfd0d37ed0 JavaThread "Signal Dispatcher" daemon [_thread_blocked, id=57508, stack(0x0000005706600000,0x0000005706700000)]
  0x000001cfd0d3a7f0 JavaThread "Attach Listener" daemon [_thread_blocked, id=15028, stack(0x0000005706700000,0x0000005706800000)]
  0x000001cfd0d3b100 JavaThread "Service Thread" daemon [_thread_blocked, id=30144, stack(0x0000005706800000,0x0000005706900000)]
  0x000001cfd0d3fa30 JavaThread "Monitor Deflation Thread" daemon [_thread_blocked, id=28492, stack(0x0000005706900000,0x0000005706a00000)]
  0x000001cfd0d43b70 JavaThread "C2 CompilerThread0" daemon [_thread_blocked, id=13212, stack(0x0000005706a00000,0x0000005706b00000)]
=>0x000001cfd0d54fd0 JavaThread "C1 CompilerThread0" daemon [_thread_in_native, id=14104, stack(0x0000005706b00000,0x0000005706c00000)]
  0x000001cfd0d7e110 JavaThread "Sweeper thread" daemon [_thread_blocked, id=18336, stack(0x0000005706c00000,0x0000005706d00000)]
  0x000001cfd18e0b00 JavaThread "Common-Cleaner" daemon [_thread_blocked, id=38848, stack(0x0000005706d00000,0x0000005706e00000)]

Other Threads:
  0x000001cfd0d245b0 VMThread "VM Thread" [stack: 0x0000005706300000,0x0000005706400000] [id=18980]
  0x000001cfac66fe10 GCTaskThread "GC Thread#0" [stack: 0x0000005705e00000,0x0000005705f00000] [id=28652]
  0x000001cfac681af0 ConcurrentGCThread "G1 Main Marker" [stack: 0x0000005705f00000,0x0000005706000000] [id=13548]
  0x000001cfac683480 ConcurrentGCThread "G1 Conc#0" [stack: 0x0000005706000000,0x0000005706100000] [id=8724]
  0x000001cfac6f0500 ConcurrentGCThread "G1 Refine#0" [stack: 0x0000005706100000,0x0000005706200000] [id=60912]
  0x000001cfd0be30d0 ConcurrentGCThread "G1 Service" [stack: 0x0000005706200000,0x0000005706300000] [id=40600]

Threads with active compile tasks:
C1 CompilerThread0       66   38   !   3       java.util.concurrent.ConcurrentHashMap::putVal (432 bytes)

VM state: not at safepoint (normal execution)

VM Mutex/Monitor currently owned by a thread:  ([mutex/lock_event])
[0x000001cfac61bac0] Module_lock - owner thread: 0x0000000000000000

Heap address: 0x0000000702800000, size: 4056 MB, Compressed Oops mode: Zero based, Oop shift amount: 3

CDS archive(s) mapped at: [0x0000000800000000-0x0000000800bb0000-0x0000000800bb0000), size 12255232, SharedBaseAddress: 0x0000000800000000, ArchiveRelocationMode: 0.
Compressed class space mapped at: 0x0000000800c00000-0x0000000840c00000, reserved size: 1073741824
Narrow klass base: 0x0000000800000000, Narrow klass shift: 3, Narrow klass range: 0x100000000

GC Precious Log:
 CPUs: 6 total, 6 available
 Memory: 16221M
 Large Page Support: Disabled
 NUMA Support: Disabled
 Compressed Oops: Enabled (Zero based)
 Heap Region Size: 2M
 Heap Min Capacity: 8M
 Heap Initial Capacity: 254M
 Heap Max Capacity: 4056M
 Pre-touch: Disabled
 Parallel Workers: 6
 Concurrent Workers: 2
 Concurrent Refinement Workers: 6
 Periodic GC: Disabled

Heap:
 garbage-first heap   total 260096K, used 2048K [0x0000000702800000, 0x0000000800000000)
  region size 2048K, 2 young (4096K), 0 survivors (0K)
 Metaspace       used 296K, committed 512K, reserved 1056768K
  class space    used 10K, committed 128K, reserved 1048576K

Heap Regions: E=young(eden), S=young(survivor), O=old, HS=humongous(starts), HC=humongous(continues), CS=collection set, F=free, OA=open archive, CA=closed archive, TAMS=top-at-mark-start (previous, next)
|   0|0x0000000702800000, 0x0000000702800000, 0x0000000702a00000|  0%| F|  |TAMS 0x0000000702800000, 0x0000000702800000| Untracked 
|   1|0x0000000702a00000, 0x0000000702a00000, 0x0000000702c00000|  0%| F|  |TAMS 0x0000000702a00000, 0x0000000702a00000| Untracked 
|   2|0x0000000702c00000, 0x0000000702c00000, 0x0000000702e00000|  0%| F|  |TAMS 0x0000000702c00000, 0x0000000702c00000| Untracked 
|   3|0x0000000702e00000, 0x0000000702e00000, 0x0000000703000000|  0%| F|  |TAMS 0x0000000702e00000, 0x0000000702e00000| Untracked 
|   4|0x0000000703000000, 0x0000000703000000, 0x0000000703200000|  0%| F|  |TAMS 0x0000000703000000, 0x0000000703000000| Untracked 
|   5|0x0000000703200000, 0x0000000703200000, 0x0000000703400000|  0%| F|  |TAMS 0x0000000703200000, 0x0000000703200000| Untracked 
|   6|0x0000000703400000, 0x0000000703400000, 0x0000000703600000|  0%| F|  |TAMS 0x0000000703400000, 0x0000000703400000| Untracked 
|   7|0x0000000703600000, 0x0000000703600000, 0x0000000703800000|  0%| F|  |TAMS 0x0000000703600000, 0x0000000703600000| Untracked 
|   8|0x0000000703800000, 0x0000000703800000, 0x0000000703a00000|  0%| F|  |TAMS 0x0000000703800000, 0x0000000703800000| Untracked 
|   9|0x0000000703a00000, 0x0000000703a00000, 0x0000000703c00000|  0%| F|  |TAMS 0x0000000703a00000, 0x0000000703a00000| Untracked 
|  10|0x0000000703c00000, 0x0000000703c00000, 0x0000000703e00000|  0%| F|  |TAMS 0x0000000703c00000, 0x0000000703c00000| Untracked 
|  11|0x0000000703e00000, 0x0000000703e00000, 0x0000000704000000|  0%| F|  |TAMS 0x0000000703e00000, 0x0000000703e00000| Untracked 
|  12|0x0000000704000000, 0x0000000704000000, 0x0000000704200000|  0%| F|  |TAMS 0x0000000704000000, 0x0000000704000000| Untracked 
|  13|0x0000000704200000, 0x0000000704200000, 0x0000000704400000|  0%| F|  |TAMS 0x0000000704200000, 0x0000000704200000| Untracked 
|  14|0x0000000704400000, 0x0000000704400000, 0x0000000704600000|  0%| F|  |TAMS 0x0000000704400000, 0x0000000704400000| Untracked 
|  15|0x0000000704600000, 0x0000000704600000, 0x0000000704800000|  0%| F|  |TAMS 0x0000000704600000, 0x0000000704600000| Untracked 
|  16|0x0000000704800000, 0x0000000704800000, 0x0000000704a00000|  0%| F|  |TAMS 0x0000000704800000, 0x0000000704800000| Untracked 
|  17|0x0000000704a00000, 0x0000000704a00000, 0x0000000704c00000|  0%| F|  |TAMS 0x0000000704a00000, 0x0000000704a00000| Untracked 
|  18|0x0000000704c00000, 0x0000000704c00000, 0x0000000704e00000|  0%| F|  |TAMS 0x0000000704c00000, 0x0000000704c00000| Untracked 
|  19|0x0000000704e00000, 0x0000000704e00000, 0x0000000705000000|  0%| F|  |TAMS 0x0000000704e00000, 0x0000000704e00000| Untracked 
|  20|0x0000000705000000, 0x0000000705000000, 0x0000000705200000|  0%| F|  |TAMS 0x0000000705000000, 0x0000000705000000| Untracked 
|  21|0x0000000705200000, 0x0000000705200000, 0x0000000705400000|  0%| F|  |TAMS 0x0000000705200000, 0x0000000705200000| Untracked 
|  22|0x0000000705400000, 0x0000000705400000, 0x0000000705600000|  0%| F|  |TAMS 0x0000000705400000, 0x0000000705400000| Untracked 
|  23|0x0000000705600000, 0x0000000705600000, 0x0000000705800000|  0%| F|  |TAMS 0x0000000705600000, 0x0000000705600000| Untracked 
|  24|0x0000000705800000, 0x0000000705800000, 0x0000000705a00000|  0%| F|  |TAMS 0x0000000705800000, 0x0000000705800000| Untracked 
|  25|0x0000000705a00000, 0x0000000705a00000, 0x0000000705c00000|  0%| F|  |TAMS 0x0000000705a00000, 0x0000000705a00000| Untracked 
|  26|0x0000000705c00000, 0x0000000705c00000, 0x0000000705e00000|  0%| F|  |TAMS 0x0000000705c00000, 0x0000000705c00000| Untracked 
|  27|0x0000000705e00000, 0x0000000705e00000, 0x0000000706000000|  0%| F|  |TAMS 0x0000000705e00000, 0x0000000705e00000| Untracked 
|  28|0x0000000706000000, 0x0000000706000000, 0x0000000706200000|  0%| F|  |TAMS 0x0000000706000000, 0x0000000706000000| Untracked 
|  29|0x0000000706200000, 0x0000000706200000, 0x0000000706400000|  0%| F|  |TAMS 0x0000000706200000, 0x0000000706200000| Untracked 
|  30|0x0000000706400000, 0x0000000706400000, 0x0000000706600000|  0%| F|  |TAMS 0x0000000706400000, 0x0000000706400000| Untracked 
|  31|0x0000000706600000, 0x0000000706600000, 0x0000000706800000|  0%| F|  |TAMS 0x0000000706600000, 0x0000000706600000| Untracked 
|  32|0x0000000706800000, 0x0000000706800000, 0x0000000706a00000|  0%| F|  |TAMS 0x0000000706800000, 0x0000000706800000| Untracked 
|  33|0x0000000706a00000, 0x0000000706a00000, 0x0000000706c00000|  0%| F|  |TAMS 0x0000000706a00000, 0x0000000706a00000| Untracked 
|  34|0x0000000706c00000, 0x0000000706c00000, 0x0000000706e00000|  0%| F|  |TAMS 0x0000000706c00000, 0x0000000706c00000| Untracked 
|  35|0x0000000706e00000, 0x0000000706e00000, 0x0000000707000000|  0%| F|  |TAMS 0x0000000706e00000, 0x0000000706e00000| Untracked 
|  36|0x0000000707000000, 0x0000000707000000, 0x0000000707200000|  0%| F|  |TAMS 0x0000000707000000, 0x0000000707000000| Untracked 
|  37|0x0000000707200000, 0x0000000707200000, 0x0000000707400000|  0%| F|  |TAMS 0x0000000707200000, 0x0000000707200000| Untracked 
|  38|0x0000000707400000, 0x0000000707400000, 0x0000000707600000|  0%| F|  |TAMS 0x0000000707400000, 0x0000000707400000| Untracked 
|  39|0x0000000707600000, 0x0000000707600000, 0x0000000707800000|  0%| F|  |TAMS 0x0000000707600000, 0x0000000707600000| Untracked 
|  40|0x0000000707800000, 0x0000000707800000, 0x0000000707a00000|  0%| F|  |TAMS 0x0000000707800000, 0x0000000707800000| Untracked 
|  41|0x0000000707a00000, 0x0000000707a00000, 0x0000000707c00000|  0%| F|  |TAMS 0x0000000707a00000, 0x0000000707a00000| Untracked 
|  42|0x0000000707c00000, 0x0000000707c00000, 0x0000000707e00000|  0%| F|  |TAMS 0x0000000707c00000, 0x0000000707c00000| Untracked 
|  43|0x0000000707e00000, 0x0000000707e00000, 0x0000000708000000|  0%| F|  |TAMS 0x0000000707e00000, 0x0000000707e00000| Untracked 
|  44|0x0000000708000000, 0x0000000708000000, 0x0000000708200000|  0%| F|  |TAMS 0x0000000708000000, 0x0000000708000000| Untracked 
|  45|0x0000000708200000, 0x0000000708200000, 0x0000000708400000|  0%| F|  |TAMS 0x0000000708200000, 0x0000000708200000| Untracked 
|  46|0x0000000708400000, 0x0000000708400000, 0x0000000708600000|  0%| F|  |TAMS 0x0000000708400000, 0x0000000708400000| Untracked 
|  47|0x0000000708600000, 0x0000000708600000, 0x0000000708800000|  0%| F|  |TAMS 0x0000000708600000, 0x0000000708600000| Untracked 
|  48|0x0000000708800000, 0x0000000708800000, 0x0000000708a00000|  0%| F|  |TAMS 0x0000000708800000, 0x0000000708800000| Untracked 
|  49|0x0000000708a00000, 0x0000000708a00000, 0x0000000708c00000|  0%| F|  |TAMS 0x0000000708a00000, 0x0000000708a00000| Untracked 
|  50|0x0000000708c00000, 0x0000000708c00000, 0x0000000708e00000|  0%| F|  |TAMS 0x0000000708c00000, 0x0000000708c00000| Untracked 
|  51|0x0000000708e00000, 0x0000000708e00000, 0x0000000709000000|  0%| F|  |TAMS 0x0000000708e00000, 0x0000000708e00000| Untracked 
|  52|0x0000000709000000, 0x0000000709000000, 0x0000000709200000|  0%| F|  |TAMS 0x0000000709000000, 0x0000000709000000| Untracked 
|  53|0x0000000709200000, 0x0000000709200000, 0x0000000709400000|  0%| F|  |TAMS 0x0000000709200000, 0x0000000709200000| Untracked 
|  54|0x0000000709400000, 0x0000000709400000, 0x0000000709600000|  0%| F|  |TAMS 0x0000000709400000, 0x0000000709400000| Untracked 
|  55|0x0000000709600000, 0x0000000709600000, 0x0000000709800000|  0%| F|  |TAMS 0x0000000709600000, 0x0000000709600000| Untracked 
|  56|0x0000000709800000, 0x0000000709800000, 0x0000000709a00000|  0%| F|  |TAMS 0x0000000709800000, 0x0000000709800000| Untracked 
|  57|0x0000000709a00000, 0x0000000709a00000, 0x0000000709c00000|  0%| F|  |TAMS 0x0000000709a00000, 0x0000000709a00000| Untracked 
|  58|0x0000000709c00000, 0x0000000709c00000, 0x0000000709e00000|  0%| F|  |TAMS 0x0000000709c00000, 0x0000000709c00000| Untracked 
|  59|0x0000000709e00000, 0x0000000709e00000, 0x000000070a000000|  0%| F|  |TAMS 0x0000000709e00000, 0x0000000709e00000| Untracked 
|  60|0x000000070a000000, 0x000000070a000000, 0x000000070a200000|  0%| F|  |TAMS 0x000000070a000000, 0x000000070a000000| Untracked 
|  61|0x000000070a200000, 0x000000070a200000, 0x000000070a400000|  0%| F|  |TAMS 0x000000070a200000, 0x000000070a200000| Untracked 
|  62|0x000000070a400000, 0x000000070a400000, 0x000000070a600000|  0%| F|  |TAMS 0x000000070a400000, 0x000000070a400000| Untracked 
|  63|0x000000070a600000, 0x000000070a600000, 0x000000070a800000|  0%| F|  |TAMS 0x000000070a600000, 0x000000070a600000| Untracked 
|  64|0x000000070a800000, 0x000000070a800000, 0x000000070aa00000|  0%| F|  |TAMS 0x000000070a800000, 0x000000070a800000| Untracked 
|  65|0x000000070aa00000, 0x000000070aa00000, 0x000000070ac00000|  0%| F|  |TAMS 0x000000070aa00000, 0x000000070aa00000| Untracked 
|  66|0x000000070ac00000, 0x000000070ac00000, 0x000000070ae00000|  0%| F|  |TAMS 0x000000070ac00000, 0x000000070ac00000| Untracked 
|  67|0x000000070ae00000, 0x000000070ae00000, 0x000000070b000000|  0%| F|  |TAMS 0x000000070ae00000, 0x000000070ae00000| Untracked 
|  68|0x000000070b000000, 0x000000070b000000, 0x000000070b200000|  0%| F|  |TAMS 0x000000070b000000, 0x000000070b000000| Untracked 
|  69|0x000000070b200000, 0x000000070b200000, 0x000000070b400000|  0%| F|  |TAMS 0x000000070b200000, 0x000000070b200000| Untracked 
|  70|0x000000070b400000, 0x000000070b400000, 0x000000070b600000|  0%| F|  |TAMS 0x000000070b400000, 0x000000070b400000| Untracked 
|  71|0x000000070b600000, 0x000000070b600000, 0x000000070b800000|  0%| F|  |TAMS 0x000000070b600000, 0x000000070b600000| Untracked 
|  72|0x000000070b800000, 0x000000070b800000, 0x000000070ba00000|  0%| F|  |TAMS 0x000000070b800000, 0x000000070b800000| Untracked 
|  73|0x000000070ba00000, 0x000000070ba00000, 0x000000070bc00000|  0%| F|  |TAMS 0x000000070ba00000, 0x000000070ba00000| Untracked 
|  74|0x000000070bc00000, 0x000000070bc00000, 0x000000070be00000|  0%| F|  |TAMS 0x000000070bc00000, 0x000000070bc00000| Untracked 
|  75|0x000000070be00000, 0x000000070be00000, 0x000000070c000000|  0%| F|  |TAMS 0x000000070be00000, 0x000000070be00000| Untracked 
|  76|0x000000070c000000, 0x000000070c000000, 0x000000070c200000|  0%| F|  |TAMS 0x000000070c000000, 0x000000070c000000| Untracked 
|  77|0x000000070c200000, 0x000000070c200000, 0x000000070c400000|  0%| F|  |TAMS 0x000000070c200000, 0x000000070c200000| Untracked 
|  78|0x000000070c400000, 0x000000070c400000, 0x000000070c600000|  0%| F|  |TAMS 0x000000070c400000, 0x000000070c400000| Untracked 
|  79|0x000000070c600000, 0x000000070c600000, 0x000000070c800000|  0%| F|  |TAMS 0x000000070c600000, 0x000000070c600000| Untracked 
|  80|0x000000070c800000, 0x000000070c800000, 0x000000070ca00000|  0%| F|  |TAMS 0x000000070c800000, 0x000000070c800000| Untracked 
|  81|0x000000070ca00000, 0x000000070ca00000, 0x000000070cc00000|  0%| F|  |TAMS 0x000000070ca00000, 0x000000070ca00000| Untracked 
|  82|0x000000070cc00000, 0x000000070cc00000, 0x000000070ce00000|  0%| F|  |TAMS 0x000000070cc00000, 0x000000070cc00000| Untracked 
|  83|0x000000070ce00000, 0x000000070ce00000, 0x000000070d000000|  0%| F|  |TAMS 0x000000070ce00000, 0x000000070ce00000| Untracked 
|  84|0x000000070d000000, 0x000000070d000000, 0x000000070d200000|  0%| F|  |TAMS 0x000000070d000000, 0x000000070d000000| Untracked 
|  85|0x000000070d200000, 0x000000070d200000, 0x000000070d400000|  0%| F|  |TAMS 0x000000070d200000, 0x000000070d200000| Untracked 
|  86|0x000000070d400000, 0x000000070d400000, 0x000000070d600000|  0%| F|  |TAMS 0x000000070d400000, 0x000000070d400000| Untracked 
|  87|0x000000070d600000, 0x000000070d600000, 0x000000070d800000|  0%| F|  |TAMS 0x000000070d600000, 0x000000070d600000| Untracked 
|  88|0x000000070d800000, 0x000000070d800000, 0x000000070da00000|  0%| F|  |TAMS 0x000000070d800000, 0x000000070d800000| Untracked 
|  89|0x000000070da00000, 0x000000070da00000, 0x000000070dc00000|  0%| F|  |TAMS 0x000000070da00000, 0x000000070da00000| Untracked 
|  90|0x000000070dc00000, 0x000000070dc00000, 0x000000070de00000|  0%| F|  |TAMS 0x000000070dc00000, 0x000000070dc00000| Untracked 
|  91|0x000000070de00000, 0x000000070de00000, 0x000000070e000000|  0%| F|  |TAMS 0x000000070de00000, 0x000000070de00000| Untracked 
|  92|0x000000070e000000, 0x000000070e000000, 0x000000070e200000|  0%| F|  |TAMS 0x000000070e000000, 0x000000070e000000| Untracked 
|  93|0x000000070e200000, 0x000000070e200000, 0x000000070e400000|  0%| F|  |TAMS 0x000000070e200000, 0x000000070e200000| Untracked 
|  94|0x000000070e400000, 0x000000070e400000, 0x000000070e600000|  0%| F|  |TAMS 0x000000070e400000, 0x000000070e400000| Untracked 
|  95|0x000000070e600000, 0x000000070e600000, 0x000000070e800000|  0%| F|  |TAMS 0x000000070e600000, 0x000000070e600000| Untracked 
|  96|0x000000070e800000, 0x000000070e800000, 0x000000070ea00000|  0%| F|  |TAMS 0x000000070e800000, 0x000000070e800000| Untracked 
|  97|0x000000070ea00000, 0x000000070ea00000, 0x000000070ec00000|  0%| F|  |TAMS 0x000000070ea00000, 0x000000070ea00000| Untracked 
|  98|0x000000070ec00000, 0x000000070ec00000, 0x000000070ee00000|  0%| F|  |TAMS 0x000000070ec00000, 0x000000070ec00000| Untracked 
|  99|0x000000070ee00000, 0x000000070ee00000, 0x000000070f000000|  0%| F|  |TAMS 0x000000070ee00000, 0x000000070ee00000| Untracked 
| 100|0x000000070f000000, 0x000000070f000000, 0x000000070f200000|  0%| F|  |TAMS 0x000000070f000000, 0x000000070f000000| Untracked 
| 101|0x000000070f200000, 0x000000070f200000, 0x000000070f400000|  0%| F|  |TAMS 0x000000070f200000, 0x000000070f200000| Untracked 
| 102|0x000000070f400000, 0x000000070f400000, 0x000000070f600000|  0%| F|  |TAMS 0x000000070f400000, 0x000000070f400000| Untracked 
| 103|0x000000070f600000, 0x000000070f600000, 0x000000070f800000|  0%| F|  |TAMS 0x000000070f600000, 0x000000070f600000| Untracked 
| 104|0x000000070f800000, 0x000000070f800000, 0x000000070fa00000|  0%| F|  |TAMS 0x000000070f800000, 0x000000070f800000| Untracked 
| 105|0x000000070fa00000, 0x000000070fa00000, 0x000000070fc00000|  0%| F|  |TAMS 0x000000070fa00000, 0x000000070fa00000| Untracked 
| 106|0x000000070fc00000, 0x000000070fc00000, 0x000000070fe00000|  0%| F|  |TAMS 0x000000070fc00000, 0x000000070fc00000| Untracked 
| 107|0x000000070fe00000, 0x000000070fe00000, 0x0000000710000000|  0%| F|  |TAMS 0x000000070fe00000, 0x000000070fe00000| Untracked 
| 108|0x0000000710000000, 0x0000000710000000, 0x0000000710200000|  0%| F|  |TAMS 0x0000000710000000, 0x0000000710000000| Untracked 
| 109|0x0000000710200000, 0x0000000710200000, 0x0000000710400000|  0%| F|  |TAMS 0x0000000710200000, 0x0000000710200000| Untracked 
| 110|0x0000000710400000, 0x0000000710400000, 0x0000000710600000|  0%| F|  |TAMS 0x0000000710400000, 0x0000000710400000| Untracked 
| 111|0x0000000710600000, 0x0000000710600000, 0x0000000710800000|  0%| F|  |TAMS 0x0000000710600000, 0x0000000710600000| Untracked 
| 112|0x0000000710800000, 0x0000000710800000, 0x0000000710a00000|  0%| F|  |TAMS 0x0000000710800000, 0x0000000710800000| Untracked 
| 113|0x0000000710a00000, 0x0000000710a00000, 0x0000000710c00000|  0%| F|  |TAMS 0x0000000710a00000, 0x0000000710a00000| Untracked 
| 114|0x0000000710c00000, 0x0000000710c00000, 0x0000000710e00000|  0%| F|  |TAMS 0x0000000710c00000, 0x0000000710c00000| Untracked 
| 115|0x0000000710e00000, 0x0000000710e00000, 0x0000000711000000|  0%| F|  |TAMS 0x0000000710e00000, 0x0000000710e00000| Untracked 
| 116|0x0000000711000000, 0x0000000711000000, 0x0000000711200000|  0%| F|  |TAMS 0x0000000711000000, 0x0000000711000000| Untracked 
| 117|0x0000000711200000, 0x0000000711200000, 0x0000000711400000|  0%| F|  |TAMS 0x0000000711200000, 0x0000000711200000| Untracked 
| 118|0x0000000711400000, 0x0000000711400000, 0x0000000711600000|  0%| F|  |TAMS 0x0000000711400000, 0x0000000711400000| Untracked 
| 119|0x0000000711600000, 0x0000000711600000, 0x0000000711800000|  0%| F|  |TAMS 0x0000000711600000, 0x0000000711600000| Untracked 
| 120|0x0000000711800000, 0x0000000711800000, 0x0000000711a00000|  0%| F|  |TAMS 0x0000000711800000, 0x0000000711800000| Untracked 
| 121|0x0000000711a00000, 0x0000000711a00000, 0x0000000711c00000|  0%| F|  |TAMS 0x0000000711a00000, 0x0000000711a00000| Untracked 
| 122|0x0000000711c00000, 0x0000000711c00000, 0x0000000711e00000|  0%| F|  |TAMS 0x0000000711c00000, 0x0000000711c00000| Untracked 
| 123|0x0000000711e00000, 0x0000000711e00000, 0x0000000712000000|  0%| F|  |TAMS 0x0000000711e00000, 0x0000000711e00000| Untracked 
| 124|0x0000000712000000, 0x0000000712000000, 0x0000000712200000|  0%| F|  |TAMS 0x0000000712000000, 0x0000000712000000| Untracked 
| 125|0x0000000712200000, 0x0000000712266e80, 0x0000000712400000| 20%| E|  |TAMS 0x0000000712200000, 0x0000000712200000| Complete 
| 126|0x0000000712400000, 0x0000000712600000, 0x0000000712600000|100%| E|CS|TAMS 0x0000000712400000, 0x0000000712400000| Complete 

Card table byte_map: [0x000001cfc55e0000,0x000001cfc5dd0000] _byte_map_base: 0x000001cfc1dcc000

Marking Bits (Prev, Next): (CMBitMap*) 0x000001cfac6713a0, (CMBitMap*) 0x000001cfac6713e0
 Prev Bits: [0x000001cfc65c0000, 0x000001cfca520000)
 Next Bits: [0x000001cfca520000, 0x000001cfce480000)

Polling page: 0x000001cfac700000

Metaspace:

Usage:
  Non-class:    311.52 KB used.
      Class:     14.97 KB used.
       Both:    326.49 KB used.

Virtual space:
  Non-class space:        8.00 MB reserved,     384.00 KB (  5%) committed,  1 nodes.
      Class space:        1.00 GB reserved,     128.00 KB ( <1%) committed,  1 nodes.
              Both:        1.01 GB reserved,     512.00 KB ( <1%) committed. 

Chunk freelists:
   Non-Class:  4.00 MB
       Class:  3.75 MB
        Both:  7.75 MB

MaxMetaspaceSize: 17179869184.00 GB
CompressedClassSpaceSize: 1.00 GB
 - commit_granule_bytes: 65536.
 - commit_granule_words: 8192.
 - virtual_space_node_default_size: 1048576.
 - enlarge_chunks_in_place: 1.
 - new_chunks_are_fully_committed: 0.
 - uncommit_free_chunks: 1.
 - use_allocation_guard: 0.
 - handle_deallocations: 1.


Internal statistics:

num_allocs_failed_limit: 0.
num_arena_births: 4.
num_arena_deaths: 0.
num_vsnodes_births: 2.
num_vsnodes_deaths: 0.
num_space_committed: 8.
num_space_uncommitted: 0.
num_chunks_returned_to_freelist: 0.
num_chunks_taken_from_freelist: 5.
num_chunk_merges: 0.
num_chunk_splits: 2.
num_chunks_enlarged: 1.
num_purges: 0.

CodeHeap 'non-profiled nmethods': size=120000Kb used=26Kb max_used=26Kb free=119973Kb
 bounds [0x000001cfbd080000, 0x000001cfbd2f0000, 0x000001cfc45b0000]
CodeHeap 'profiled nmethods': size=120000Kb used=35Kb max_used=35Kb free=119964Kb
 bounds [0x000001cfb5b50000, 0x000001cfb5dc0000, 0x000001cfbd080000]
CodeHeap 'non-nmethods': size=5760Kb used=1096Kb max_used=1105Kb free=4663Kb
 bounds [0x000001cfb55b0000, 0x000001cfb5820000, 0x000001cfb5b50000]
 total_blobs=422 nmethods=56 adapters=278
 compilation: enabled
              stopped_count=0, restarted_count=0
 full_count=0

Compilation events (20 events):
Event: 0.034 Thread 0x000001cfd0d54fd0   24       3       java.lang.StringLatin1::charAt (28 bytes)
Event: 0.034 Thread 0x000001cfd0d54fd0 nmethod 24 0x000001cfb5b56e90 code [0x000001cfb5b57040, 0x000001cfb5b57248]
Event: 0.034 Thread 0x000001cfd0d54fd0   20       1       java.lang.module.ModuleDescriptor::name (5 bytes)
Event: 0.034 Thread 0x000001cfd0d54fd0 nmethod 20 0x000001cfbd080010 code [0x000001cfbd0801a0, 0x000001cfbd080278]
Event: 0.034 Thread 0x000001cfd0d54fd0   22       1       java.lang.module.ModuleReference::descriptor (5 bytes)
Event: 0.034 Thread 0x000001cfd0d54fd0 nmethod 22 0x000001cfbd080310 code [0x000001cfbd0804a0, 0x000001cfbd080578]
Event: 0.036 Thread 0x000001cfd0d43b70 nmethod 21 0x000001cfbd080610 code [0x000001cfbd0807a0, 0x000001cfbd0809b8]
Event: 0.036 Thread 0x000001cfd0d54fd0   25       3       java.util.concurrent.ConcurrentHashMap::tabAt (22 bytes)
Event: 0.036 Thread 0x000001cfd0d54fd0 nmethod 25 0x000001cfb5b57390 code [0x000001cfb5b57540, 0x000001cfb5b57858]
Event: 0.036 Thread 0x000001cfd0d54fd0   26       3       jdk.internal.misc.Unsafe::getReferenceAcquire (7 bytes)
Event: 0.036 Thread 0x000001cfd0d54fd0 nmethod 26 0x000001cfb5b57910 code [0x000001cfb5b57aa0, 0x000001cfb5b57c18]
Event: 0.036 Thread 0x000001cfd0d54fd0   27       3       java.util.concurrent.ConcurrentHashMap::spread (10 bytes)
Event: 0.036 Thread 0x000001cfd0d54fd0 nmethod 27 0x000001cfb5b57c90 code [0x000001cfb5b57e20, 0x000001cfb5b57f18]
Event: 0.037 Thread 0x000001cfd0d43b70   28       4       java.lang.Object::<init> (1 bytes)
Event: 0.037 Thread 0x000001cfd0d43b70 nmethod 28 0x000001cfbd080a90 code [0x000001cfbd080c00, 0x000001cfbd080c78]
Event: 0.039 Thread 0x000001cfd0d54fd0   31       1       java.lang.Enum::ordinal (5 bytes)
Event: 0.039 Thread 0x000001cfd0d54fd0 nmethod 31 0x000001cfbd081510 code [0x000001cfbd0816a0, 0x000001cfbd081778]
Event: 0.041 Thread 0x000001cfd0d54fd0   36       3       java.util.concurrent.ConcurrentHashMap::addCount (280 bytes)
Event: 0.041 Thread 0x000001cfd0d54fd0 nmethod 36 0x000001cfb5b57f90 code [0x000001cfb5b581e0, 0x000001cfb5b58b88]
Event: 0.041 Thread 0x000001cfd0d54fd0   38   !   3       java.util.concurrent.ConcurrentHashMap::putVal (432 bytes)

GC Heap History (0 events):
No events

Deoptimization events (0 events):
No events

Classes unloaded (0 events):
No events

Classes redefined (0 events):
No events

Internal exceptions (0 events):
No events

Events (20 events):
Event: 0.015 Thread 0x000001cfac620410 Thread added: 0x000001cfac620410
Event: 0.017 Thread 0x000001cfd0d27fb0 Thread added: 0x000001cfd0d27fb0
Event: 0.017 Thread 0x000001cfd0d28ac0 Thread added: 0x000001cfd0d28ac0
Event: 0.024 loading class sun/nio/cs/GBK
Event: 0.024 loading class sun/nio/cs/GBK done
Event: 0.025 loading class sun/nio/cs/DoubleByte
Event: 0.025 loading class sun/nio/cs/DoubleByte done
Event: 0.026 loading class sun/nio/cs/DoubleByte$Decoder
Event: 0.026 loading class sun/nio/cs/DelegatableDecoder
Event: 0.026 loading class sun/nio/cs/DelegatableDecoder done
Event: 0.027 loading class sun/nio/cs/DoubleByte$Decoder done
Event: 0.028 loading class sun/nio/cs/UTF_8$Encoder
Event: 0.028 loading class sun/nio/cs/UTF_8$Encoder done
Event: 0.029 Thread 0x000001cfd0d37ed0 Thread added: 0x000001cfd0d37ed0
Event: 0.029 Thread 0x000001cfd0d3a7f0 Thread added: 0x000001cfd0d3a7f0
Event: 0.029 Thread 0x000001cfd0d3b100 Thread added: 0x000001cfd0d3b100
Event: 0.029 Thread 0x000001cfd0d3fa30 Thread added: 0x000001cfd0d3fa30
Event: 0.029 Thread 0x000001cfd0d43b70 Thread added: 0x000001cfd0d43b70
Event: 0.029 Thread 0x000001cfd0d54fd0 Thread added: 0x000001cfd0d54fd0
Event: 0.029 Thread 0x000001cfd0d7e110 Thread added: 0x000001cfd0d7e110


Dynamic libraries:
0x00007ff682be0000 - 0x00007ff682bf0000 	C:\Program Files\Java\jdk-16.0.1\bin\java.exe
0x00007ffdc5d50000 - 0x00007ffdc5f48000 	C:\Windows\SYSTEM32\ntdll.dll
0x00007ffdc5b00000 - 0x00007ffdc5bbd000 	C:\Windows\System32\KERNEL32.DLL
0x00007ffdc3910000 - 0x00007ffdc3bde000 	C:\Windows\System32\KERNELBASE.dll
0x00007ffdc3c10000 - 0x00007ffdc3d10000 	C:\Windows\System32\ucrtbase.dll
0x00007ffdbefc0000 - 0x00007ffdbefd8000 	C:\Program Files\Java\jdk-16.0.1\bin\jli.dll
0x00007ffdc45b0000 - 0x00007ffdc465e000 	C:\Windows\System32\ADVAPI32.dll
0x00007ffdc4b60000 - 0x00007ffdc4bfe000 	C:\Windows\System32\msvcrt.dll
0x00007ffdc5360000 - 0x00007ffdc53fc000 	C:\Windows\System32\sechost.dll
0x00007ffdc59d0000 - 0x00007ffdc5af5000 	C:\Windows\System32\RPCRT4.dll
0x00007ffdbf150000 - 0x00007ffdbf169000 	C:\Program Files\Java\jdk-16.0.1\bin\VCRUNTIME140.dll
0x00007ffdc4660000 - 0x00007ffdc4800000 	C:\Windows\System32\USER32.dll
0x00007ffdc3be0000 - 0x00007ffdc3c02000 	C:\Windows\System32\win32u.dll
0x00007ffdb1940000 - 0x00007ffdb1bda000 	C:\Windows\WinSxS\amd64_microsoft.windows.common-controls_6595b64144ccf1df_6.0.19041.1110_none_60b5254171f9507e\COMCTL32.dll
0x00007ffdc4500000 - 0x00007ffdc452a000 	C:\Windows\System32\GDI32.dll
0x00007ffdc36c0000 - 0x00007ffdc37cb000 	C:\Windows\System32\gdi32full.dll
0x00007ffdc3d10000 - 0x00007ffdc3dad000 	C:\Windows\System32\msvcp_win.dll
0x00007ffdba100000 - 0x00007ffdba10a000 	C:\Windows\SYSTEM32\VERSION.dll
0x00007ffdc59a0000 - 0x00007ffdc59d0000 	C:\Windows\System32\IMM32.DLL
0x00007ffdc0cc0000 - 0x00007ffdc0ccc000 	C:\Program Files\Java\jdk-16.0.1\bin\vcruntime140_1.dll
0x00007ffdbd800000 - 0x00007ffdbd891000 	C:\Program Files\Java\jdk-16.0.1\bin\msvcp140.dll
0x00007ffd68790000 - 0x00007ffd6933b000 	C:\Program Files\Java\jdk-16.0.1\bin\server\jvm.dll
0x00007ffdc5d00000 - 0x00007ffdc5d08000 	C:\Windows\System32\PSAPI.DLL
0x00007ffdb2040000 - 0x00007ffdb2067000 	C:\Windows\SYSTEM32\WINMM.dll
0x00007ffda4a30000 - 0x00007ffda4a39000 	C:\Windows\SYSTEM32\WSOCK32.dll
0x00007ffdc5020000 - 0x00007ffdc508b000 	C:\Windows\System32\ws2_32.DLL
0x00007ffdc1360000 - 0x00007ffdc1372000 	C:\Windows\SYSTEM32\kernel.appcore.dll
0x00007ffdbef00000 - 0x00007ffdbef0a000 	C:\Program Files\Java\jdk-16.0.1\bin\jimage.dll
0x00007ffdb06a0000 - 0x00007ffdb0884000 	C:\Windows\SYSTEM32\DBGHELP.DLL
0x00007ffdae590000 - 0x00007ffdae5bc000 	C:\Windows\SYSTEM32\dbgcore.DLL
0x00007ffdc3880000 - 0x00007ffdc3902000 	C:\Windows\System32\bcryptPrimitives.dll
0x00007ffdbeef0000 - 0x00007ffdbeefe000 	C:\Program Files\Java\jdk-16.0.1\bin\instrument.dll
0x00007ffdbdf90000 - 0x00007ffdbdfb5000 	C:\Program Files\Java\jdk-16.0.1\bin\java.dll
0x00007ffdc3db0000 - 0x00007ffdc44f3000 	C:\Windows\System32\SHELL32.dll
0x00007ffdc1560000 - 0x00007ffdc1cf5000 	C:\Windows\SYSTEM32\windows.storage.dll
0x00007ffdc4800000 - 0x00007ffdc4b54000 	C:\Windows\System32\combase.dll
0x00007ffdc2ed0000 - 0x00007ffdc2f00000 	C:\Windows\SYSTEM32\Wldp.dll
0x00007ffdc5480000 - 0x00007ffdc552d000 	C:\Windows\System32\SHCORE.dll
0x00007ffdc5ca0000 - 0x00007ffdc5cf5000 	C:\Windows\System32\shlwapi.dll
0x00007ffdc33b0000 - 0x00007ffdc33cf000 	C:\Windows\SYSTEM32\profapi.dll
0x00007ffdbea20000 - 0x00007ffdbea38000 	C:\Program Files\Java\jdk-16.0.1\bin\zip.dll

dbghelp: loaded successfully - version: 4.0.5 - missing functions: none
symbol engine: initialized successfully - sym options: 0x614 - pdb path: .;C:\Program Files\Java\jdk-16.0.1\bin;C:\Windows\SYSTEM32;C:\Windows\WinSxS\amd64_microsoft.windows.common-controls_6595b64144ccf1df_6.0.19041.1110_none_60b5254171f9507e;C:\Program Files\Java\jdk-16.0.1\bin\server

VM Arguments:
jvm_args: -javaagent:D:\Program Files\JetBrains\IntelliJ IDEA 2021.1\lib\idea_rt.jar=51428:D:\Program Files\JetBrains\IntelliJ IDEA 2021.1\bin -Dfile.encoding=UTF-8 
java_command: rankArithmetic.RandToRand
java_class_path (initial): E:\javaPrise\LeetCode\out\production\LeetCode;C:\Users\84478\.m2\repository\junit\junit\4.13.1\junit-4.13.1.jar;C:\Users\84478\.m2\repository\org\hamcrest\hamcrest-core\1.3\hamcrest-core-1.3.jar
Launcher Type: SUN_STANDARD

[Global flags]
     intx CICompilerCount                          = 3                                         {product} {ergonomic}
     uint ConcGCThreads                            = 2                                         {product} {ergonomic}
     uint G1ConcRefinementThreads                  = 6                                         {product} {ergonomic}
   size_t G1HeapRegionSize                         = 2097152                                   {product} {ergonomic}
    uintx GCDrainStackTargetSize                   = 64                                        {product} {ergonomic}
   size_t InitialHeapSize                          = 266338304                                 {product} {ergonomic}
   size_t MarkStackSize                            = 4194304                                   {product} {ergonomic}
   size_t MaxHeapSize                              = 4253024256                                {product} {ergonomic}
   size_t MaxNewSize                               = 2550136832                                {product} {ergonomic}
   size_t MinHeapDeltaBytes                        = 2097152                                   {product} {ergonomic}
   size_t MinHeapSize                              = 8388608                                   {product} {ergonomic}
    uintx NonNMethodCodeHeapSize                   = 5832780                                {pd product} {ergonomic}
    uintx NonProfiledCodeHeapSize                  = 122912730                              {pd product} {ergonomic}
    uintx ProfiledCodeHeapSize                     = 122912730                              {pd product} {ergonomic}
    uintx ReservedCodeCacheSize                    = 251658240                              {pd product} {ergonomic}
     bool SegmentedCodeCache                       = true                                      {product} {ergonomic}
   size_t SoftMaxHeapSize                          = 4253024256                             {manageable} {ergonomic}
     bool UseCompressedClassPointers               = true                           {product lp64_product} {ergonomic}
     bool UseCompressedOops                        = true                           {product lp64_product} {ergonomic}
     bool UseG1GC                                  = true                                      {product} {ergonomic}
     bool UseLargePagesIndividualAllocation        = false                                  {pd product} {ergonomic}

Logging:
Log output configuration:
 #0: stdout all=warning uptime,level,tags
 #1: stderr all=off uptime,level,tags

Environment Variables:
JAVA_HOME=C:\Program Files\Java\jdk1.8.0_202
CLASSPATH=?E:\sqljdbc91\sqljdbc_9.4?chs\mssql-jdbc-9.4.0.jre16.jar
PATH=D:\Program Files (x86)\VMware\VMware Workstation\bin\;C:\Program Files (x86)\Common Files\Oracle\Java\javapath;C:\Program Files\Common Files\Oracle\Java\javapath;C:\Windows\system32;C:\Windows;C:\Windows\System32\Wbem;C:\Windows\System32\WindowsPowerShell\v1.0\;C:\Windows\System32\OpenSSH\;C:\Program Files\nodejs\;C:\Program Files\Git\cmd;D:\downLoads\mysql-5.7.35-winx64\bin;;C:\Program Files (x86)\NVIDIA Corporation\PhysX\Common;C:\Program Files\Microsoft SQL Server\Client SDK\ODBC\170\Tools\Binn\;C:\Program Files (x86)\Microsoft SQL Server\150\Tools\Binn\;C:\Program Files\Microsoft SQL Server\150\Tools\Binn\;C:\Program Files\Microsoft SQL Server\150\DTS\Binn\;C:\Program Files (x86)\Microsoft SQL Server\150\DTS\Binn\;C:\Program Files\Azure Data Studio\bin;D:\Program Files (x86)\NetSarang\Xshell 7\;D:\Program Files (x86)\NetSarang\Xftp 7\;D:\anaconda3;D:\anaconda3\Library\mingw-w64\bin;D:\anaconda3\Library\usr\bin;D:\anaconda3\Library\bin;D:\anaconda3\Scripts;C:\Users\84478\AppData\Local\Programs\Python\Python310\Scripts\;C:\Users\84478\AppData\Local\Programs\Python\Python310\;C:\Users\84478\AppData\Local\Microsoft\WindowsApps;D:\data\Microsoft VS Code\bin;C:\Users\84478\AppData\Roaming\npm;C:\Program Files\Azure Data Studio\bin;C:\Program Files\Java\jdk1.8.0_202\bin;D:\Program Files\JetBrains\PyCharm 2022.1.2\bin;
USERNAME=84478
OS=Windows_NT
PROCESSOR_IDENTIFIER=Intel64 Family 6 Model 158 Stepping 10, GenuineIntel



---------------  S Y S T E M  ---------------

OS:
 Windows 10 , 64 bit Build 19041 (10.0.19041.1889)
OS uptime: 7 days 22:44 hours

CPU: total 6 (initial active 6) (6 cores per cpu, 1 threads per core) family 6 model 158 stepping 10 microcode 0xb4, cx8, cmov, fxsr, mmx, 3dnowpref, sse, sse2, sse3, ssse3, sse4.1, sse4.2, popcnt, lzcnt, tsc, tscinvbit, avx, avx2, aes, erms, clmul, bmi1, bmi2, adx, fma, vzeroupper, clflush, clflushopt

Memory: 4k page, system-wide physical 16221M (8154M free)
TotalPageFile size 26886M (AvailPageFile size 1M)
current process WorkingSet (physical memory assigned to process): 32M, peak: 32M
current process commit charge ("private bytes"): 337M, peak: 337M

vm_info: Java HotSpot(TM) 64-Bit Server VM (16.0.1+9-24) for windows-amd64 JRE (16.0.1+9-24), built on Mar 26 2021 19:31:42 by "mach5one" with MS VC++ 16.7 (VS2019)

END.
